\BOOKMARK [0][-]{section*.2}{\376\377\000E\000m\000e\000r\000g\000e\000n\000c\000e\000\040\000o\000f\000\040\000G\000r\000a\000v\000i\000t\000y\000,\000\040\000D\000a\000r\000k\000\040\000M\000a\000t\000t\000e\000r\000\040\000a\000n\000d\000\040\000D\000a\000r\000k\000\040\000E\000n\000e\000r\000g\000y\000\040\000f\000r\000o\000m\000\040\000a\000\040\000D\000i\000s\000s\000i\000p\000a\000t\000i\000v\000e\000\040\000H\000i\000g\000g\000s\000\040\000F\000i\000e\000l\000d\000:\000\040\000A\000\040\000U\000n\000i\000f\000i\000e\000d\000\040\000F\000r\000a\000m\000e\000w\000o\000r\000k}{}% 2
\BOOKMARK [1][-]{section*.1}{\376\377\000A\000b\000s\000t\000r\000a\000c\000t}{section*.2}% 1
\BOOKMARK [1][-]{section*.3}{\376\377\000I\000n\000t\000r\000o\000d\000u\000c\000t\000i\000o\000n}{section*.2}% 3
\BOOKMARK [1][-]{section*.4}{\376\377\000T\000h\000e\000o\000r\000e\000t\000i\000c\000a\000l\000\040\000F\000r\000a\000m\000e\000w\000o\000r\000k}{section*.2}% 4
\BOOKMARK [2][-]{section*.5}{\376\377\000D\000i\000s\000s\000i\000p\000a\000t\000i\000v\000e\000\040\000H\000i\000g\000g\000s\000\040\000L\000a\000g\000r\000a\000n\000g\000i\000a\000n\000\040\000a\000n\000d\000\040\000E\000m\000e\000r\000g\000e\000n\000t\000\040\000G\000r\000a\000v\000i\000t\000y}{section*.4}% 5
\BOOKMARK [2][-]{section*.6}{\376\377\000F\000i\000e\000l\000d\000\040\000E\000q\000u\000a\000t\000i\000o\000n\000s\000\040\000a\000n\000d\000\040\000D\000i\000s\000s\000i\000p\000a\000t\000i\000v\000e\000\040\000D\000y\000n\000a\000m\000i\000c\000s}{section*.4}% 6
\BOOKMARK [2][-]{section*.7}{\376\377\000B\000l\000a\000c\000k\000\040\000H\000o\000l\000e\000\040\000S\000i\000n\000g\000u\000l\000a\000r\000i\000t\000y\000\040\000R\000e\000s\000o\000l\000u\000t\000i\000o\000n}{section*.4}% 7
\BOOKMARK [1][-]{section*.8}{\376\377\000N\000u\000m\000e\000r\000i\000c\000a\000l\000\040\000A\000n\000a\000l\000y\000s\000i\000s\000\040\000a\000n\000d\000\040\000R\000e\000s\000u\000l\000t\000s}{section*.2}% 8
\BOOKMARK [2][-]{section*.9}{\376\377\000C\000o\000s\000m\000o\000l\000o\000g\000i\000c\000a\000l\000\040\000E\000v\000o\000l\000u\000t\000i\000o\000n}{section*.8}% 9
\BOOKMARK [2][-]{section*.11}{\376\377\000H\000i\000e\000r\000a\000r\000c\000h\000y\000\040\000P\000r\000o\000b\000l\000e\000m\000\040\000R\000e\000s\000o\000l\000u\000t\000i\000o\000n}{section*.8}% 10
\BOOKMARK [2][-]{section*.13}{\376\377\000B\000a\000r\000y\000o\000g\000e\000n\000e\000s\000i\000s\000\040\000a\000n\000d\000\040\000M\000a\000t\000t\000e\000r\000-\000A\000n\000t\000i\000m\000a\000t\000t\000e\000r\000\040\000A\000s\000y\000m\000m\000e\000t\000r\000y}{section*.8}% 11
\BOOKMARK [2][-]{section*.15}{\376\377\000P\000a\000r\000a\000m\000e\000t\000e\000r\000\040\000C\000o\000n\000s\000t\000r\000a\000i\000n\000t\000s}{section*.8}% 12
\BOOKMARK [2][-]{section*.18}{\376\377\000B\000a\000y\000e\000s\000i\000a\000n\000\040\000M\000o\000d\000e\000l\000\040\000C\000o\000m\000p\000a\000r\000i\000s\000o\000n}{section*.8}% 13
\BOOKMARK [2][-]{section*.20}{\376\377\000C\000o\000s\000m\000i\000c\000\040\000T\000o\000p\000o\000l\000o\000g\000y\000\040\000D\000e\000t\000e\000r\000m\000i\000n\000a\000t\000i\000o\000n}{section*.8}% 14
\BOOKMARK [2][-]{section*.22}{\376\377\000L\000H\000C\000\040\000P\000r\000e\000d\000i\000c\000t\000i\000o\000n\000s}{section*.8}% 15
\BOOKMARK [2][-]{section*.24}{\376\377\000G\000r\000o\000w\000t\000h\000\040\000o\000f\000\040\000S\000t\000r\000u\000c\000t\000u\000r\000e}{section*.8}% 16
\BOOKMARK [1][-]{section*.26}{\376\377\000D\000i\000s\000c\000u\000s\000s\000i\000o\000n}{section*.2}% 17
\BOOKMARK [2][-]{section*.27}{\376\377\000U\000n\000i\000f\000i\000e\000d\000\040\000E\000x\000p\000l\000a\000n\000a\000t\000i\000o\000n}{section*.26}% 18
\BOOKMARK [2][-]{section*.28}{\376\377\000T\000h\000e\000o\000r\000e\000t\000i\000c\000a\000l\000\040\000I\000m\000p\000l\000i\000c\000a\000t\000i\000o\000n\000s}{section*.26}% 19
\BOOKMARK [2][-]{section*.29}{\376\377\000E\000x\000p\000e\000r\000i\000m\000e\000n\000t\000a\000l\000\040\000P\000r\000e\000d\000i\000c\000t\000i\000o\000n\000s}{section*.26}% 20
\BOOKMARK [1][-]{section*.30}{\376\377\000C\000o\000n\000c\000l\000u\000s\000i\000o\000n\000s}{section*.2}% 21
\BOOKMARK [1][-]{section*.31}{\376\377\000A\000c\000k\000n\000o\000w\000l\000e\000d\000g\000m\000e\000n\000t\000s}{section*.2}% 22
\BOOKMARK [1][-]{section*.32}{\376\377\000D\000a\000t\000a\000\040\000A\000v\000a\000i\000l\000a\000b\000i\000l\000i\000t\000y}{section*.2}% 23
